[2023-09-06 09:36:54.181 INFO  restartedMain] [com.green.jpaexam.JpaExamApplication] Starting JpaExamApplication using Java 17.0.7 with PID 4716 (D:\Students\jpaExam\target\classes started by Administrator in D:\Students\jpaExam)
[2023-09-06 09:36:54.185 INFO  restartedMain] [com.green.jpaexam.JpaExamApplication] No active profile set, falling back to 1 default profile: "default"
[2023-09-06 09:36:54.212 INFO  restartedMain] [org.springframework.boot.devtools.env.DevToolsPropertyDefaultsPostProcessor] Devtools property defaults active! Set 'spring.devtools.add-properties' to 'false' to disable
[2023-09-06 09:36:54.212 INFO  restartedMain] [org.springframework.boot.devtools.env.DevToolsPropertyDefaultsPostProcessor] For additional web related logging consider setting the 'logging.level.web' property to 'DEBUG'
[2023-09-06 09:36:54.686 INFO  restartedMain] [org.springframework.data.repository.config.RepositoryConfigurationDelegate] Bootstrapping Spring Data JPA repositories in DEFAULT mode.
[2023-09-06 09:36:54.728 INFO  restartedMain] [org.springframework.data.repository.config.RepositoryConfigurationDelegate] Finished Spring Data repository scanning in 38 ms. Found 4 JPA repository interfaces.
[2023-09-06 09:36:55.155 INFO  restartedMain] [org.springframework.boot.web.embedded.tomcat.TomcatWebServer] Tomcat initialized with port(s): 8080 (http)
[2023-09-06 09:36:55.160 INFO  restartedMain] [org.apache.coyote.http11.Http11NioProtocol] Initializing ProtocolHandler ["http-nio-8080"]
[2023-09-06 09:36:55.161 INFO  restartedMain] [org.apache.catalina.core.StandardService] Starting service [Tomcat]
[2023-09-06 09:36:55.161 INFO  restartedMain] [org.apache.catalina.core.StandardEngine] Starting Servlet engine: [Apache Tomcat/10.1.11]
[2023-09-06 09:36:55.201 INFO  restartedMain] [org.apache.catalina.core.ContainerBase.[Tomcat].[localhost].[/]] Initializing Spring embedded WebApplicationContext
[2023-09-06 09:36:55.201 INFO  restartedMain] [org.springframework.boot.web.servlet.context.ServletWebServerApplicationContext] Root WebApplicationContext: initialization completed in 988 ms
[2023-09-06 09:36:55.299 INFO  restartedMain] [org.hibernate.jpa.internal.util.LogHelper] HHH000204: Processing PersistenceUnitInfo [name: default]
[2023-09-06 09:36:55.333 INFO  restartedMain] [org.hibernate.Version] HHH000412: Hibernate ORM core version 6.2.6.Final
[2023-09-06 09:36:55.334 INFO  restartedMain] [org.hibernate.cfg.Environment] HHH000406: Using bytecode reflection optimizer
[2023-09-06 09:36:55.431 INFO  restartedMain] [org.hibernate.bytecode.internal.BytecodeProviderInitiator] HHH000021: Bytecode provider name : bytebuddy
[2023-09-06 09:36:55.520 INFO  restartedMain] [org.springframework.orm.jpa.persistenceunit.SpringPersistenceUnitInfo] No LoadTimeWeaver setup: ignoring JPA class transformer
[2023-09-06 09:36:55.531 INFO  restartedMain] [com.zaxxer.hikari.HikariDataSource] HikariPool-1 - Starting...
[2023-09-06 09:36:55.592 INFO  restartedMain] [com.zaxxer.hikari.pool.HikariPool] HikariPool-1 - Added connection org.mariadb.jdbc.Connection@7e2cb5bd
[2023-09-06 09:36:55.593 INFO  restartedMain] [com.zaxxer.hikari.HikariDataSource] HikariPool-1 - Start completed.
[2023-09-06 09:36:55.779 INFO  restartedMain] [org.hibernate.bytecode.internal.BytecodeProviderInitiator] HHH000021: Bytecode provider name : bytebuddy
[2023-09-06 09:36:56.259 INFO  restartedMain] [org.hibernate.engine.transaction.jta.platform.internal.JtaPlatformInitiator] HHH000490: Using JtaPlatform implementation: [org.hibernate.engine.transaction.jta.platform.internal.NoJtaPlatform]
[2023-09-06 09:36:56.374 INFO  restartedMain] [org.springframework.orm.jpa.LocalContainerEntityManagerFactoryBean] Initialized JPA EntityManagerFactory for persistence unit 'default'
[2023-09-06 09:36:56.568 INFO  restartedMain] [org.springframework.data.jpa.repository.query.QueryEnhancerFactory] Hibernate is in classpath; If applicable, HQL parser will be used.
[2023-09-06 09:36:56.967 WARN  restartedMain] [org.springframework.boot.autoconfigure.orm.jpa.JpaBaseConfiguration$JpaWebConfiguration] spring.jpa.open-in-view is enabled by default. Therefore, database queries may be performed during view rendering. Explicitly configure spring.jpa.open-in-view to disable this warning
[2023-09-06 09:36:57.181 WARN  restartedMain] [org.springframework.boot.devtools.autoconfigure.OptionalLiveReloadServer] Unable to start LiveReload server
[2023-09-06 09:36:57.191 INFO  restartedMain] [org.apache.coyote.http11.Http11NioProtocol] Starting ProtocolHandler ["http-nio-8080"]
[2023-09-06 09:36:57.194 WARN  restartedMain] [org.springframework.boot.web.servlet.context.AnnotationConfigServletWebServerApplicationContext] Exception encountered during context initialization - cancelling refresh attempt: org.springframework.context.ApplicationContextException: Failed to start bean 'webServerStartStop'
[2023-09-06 09:36:57.195 INFO  restartedMain] [org.springframework.orm.jpa.LocalContainerEntityManagerFactoryBean] Closing JPA EntityManagerFactory for persistence unit 'default'
[2023-09-06 09:36:57.198 INFO  restartedMain] [com.zaxxer.hikari.HikariDataSource] HikariPool-1 - Shutdown initiated...
[2023-09-06 09:36:57.200 INFO  restartedMain] [com.zaxxer.hikari.HikariDataSource] HikariPool-1 - Shutdown completed.
[2023-09-06 09:36:57.201 INFO  restartedMain] [org.apache.coyote.http11.Http11NioProtocol] Pausing ProtocolHandler ["http-nio-8080"]
[2023-09-06 09:36:57.201 INFO  restartedMain] [org.apache.catalina.core.StandardService] Stopping service [Tomcat]
[2023-09-06 09:36:57.206 INFO  restartedMain] [org.apache.coyote.http11.Http11NioProtocol] Stopping ProtocolHandler ["http-nio-8080"]
[2023-09-06 09:36:57.206 INFO  restartedMain] [org.apache.coyote.http11.Http11NioProtocol] Destroying ProtocolHandler ["http-nio-8080"]
[2023-09-06 09:36:57.212 INFO  restartedMain] [org.springframework.boot.autoconfigure.logging.ConditionEvaluationReportLogger] 

Error starting ApplicationContext. To display the condition evaluation report re-run your application with 'debug' enabled.
[2023-09-06 09:36:57.223 ERROR restartedMain] [org.springframework.boot.diagnostics.LoggingFailureAnalysisReporter] 

***************************
APPLICATION FAILED TO START
***************************

Description:

Web server failed to start. Port 8080 was already in use.

Action:

Identify and stop the process that's listening on port 8080 or configure this application to listen on another port.

[2023-09-06 09:48:34.471 INFO  restartedMain] [com.green.jpaexam.JpaExamApplication] Starting JpaExamApplication using Java 17.0.7 with PID 4124 (D:\Students\jpaExam\target\classes started by Administrator in D:\Students\jpaExam)
[2023-09-06 09:48:34.472 INFO  restartedMain] [com.green.jpaexam.JpaExamApplication] No active profile set, falling back to 1 default profile: "default"
[2023-09-06 09:48:34.500 INFO  restartedMain] [org.springframework.boot.devtools.env.DevToolsPropertyDefaultsPostProcessor] Devtools property defaults active! Set 'spring.devtools.add-properties' to 'false' to disable
[2023-09-06 09:48:34.500 INFO  restartedMain] [org.springframework.boot.devtools.env.DevToolsPropertyDefaultsPostProcessor] For additional web related logging consider setting the 'logging.level.web' property to 'DEBUG'
[2023-09-06 09:48:34.964 INFO  restartedMain] [org.springframework.data.repository.config.RepositoryConfigurationDelegate] Bootstrapping Spring Data JPA repositories in DEFAULT mode.
[2023-09-06 09:48:35.006 INFO  restartedMain] [org.springframework.data.repository.config.RepositoryConfigurationDelegate] Finished Spring Data repository scanning in 38 ms. Found 4 JPA repository interfaces.
[2023-09-06 09:48:35.395 INFO  restartedMain] [org.springframework.boot.web.embedded.tomcat.TomcatWebServer] Tomcat initialized with port(s): 8080 (http)
[2023-09-06 09:48:35.401 INFO  restartedMain] [org.apache.coyote.http11.Http11NioProtocol] Initializing ProtocolHandler ["http-nio-8080"]
[2023-09-06 09:48:35.402 INFO  restartedMain] [org.apache.catalina.core.StandardService] Starting service [Tomcat]
[2023-09-06 09:48:35.403 INFO  restartedMain] [org.apache.catalina.core.StandardEngine] Starting Servlet engine: [Apache Tomcat/10.1.11]
[2023-09-06 09:48:35.444 INFO  restartedMain] [org.apache.catalina.core.ContainerBase.[Tomcat].[localhost].[/]] Initializing Spring embedded WebApplicationContext
[2023-09-06 09:48:35.444 INFO  restartedMain] [org.springframework.boot.web.servlet.context.ServletWebServerApplicationContext] Root WebApplicationContext: initialization completed in 944 ms
[2023-09-06 09:48:35.535 INFO  restartedMain] [org.hibernate.jpa.internal.util.LogHelper] HHH000204: Processing PersistenceUnitInfo [name: default]
[2023-09-06 09:48:35.569 INFO  restartedMain] [org.hibernate.Version] HHH000412: Hibernate ORM core version 6.2.6.Final
[2023-09-06 09:48:35.570 INFO  restartedMain] [org.hibernate.cfg.Environment] HHH000406: Using bytecode reflection optimizer
[2023-09-06 09:48:35.666 INFO  restartedMain] [org.hibernate.bytecode.internal.BytecodeProviderInitiator] HHH000021: Bytecode provider name : bytebuddy
[2023-09-06 09:48:35.757 INFO  restartedMain] [org.springframework.orm.jpa.persistenceunit.SpringPersistenceUnitInfo] No LoadTimeWeaver setup: ignoring JPA class transformer
[2023-09-06 09:48:35.768 INFO  restartedMain] [com.zaxxer.hikari.HikariDataSource] HikariPool-1 - Starting...
[2023-09-06 09:48:35.821 INFO  restartedMain] [com.zaxxer.hikari.pool.HikariPool] HikariPool-1 - Added connection org.mariadb.jdbc.Connection@82811
[2023-09-06 09:48:35.822 INFO  restartedMain] [com.zaxxer.hikari.HikariDataSource] HikariPool-1 - Start completed.
[2023-09-06 09:48:36.030 INFO  restartedMain] [org.hibernate.bytecode.internal.BytecodeProviderInitiator] HHH000021: Bytecode provider name : bytebuddy
[2023-09-06 09:48:36.508 INFO  restartedMain] [org.hibernate.engine.transaction.jta.platform.internal.JtaPlatformInitiator] HHH000490: Using JtaPlatform implementation: [org.hibernate.engine.transaction.jta.platform.internal.NoJtaPlatform]
[2023-09-06 09:48:36.613 INFO  restartedMain] [org.springframework.orm.jpa.LocalContainerEntityManagerFactoryBean] Initialized JPA EntityManagerFactory for persistence unit 'default'
[2023-09-06 09:48:36.807 INFO  restartedMain] [org.springframework.data.jpa.repository.query.QueryEnhancerFactory] Hibernate is in classpath; If applicable, HQL parser will be used.
[2023-09-06 09:48:37.214 WARN  restartedMain] [org.springframework.boot.autoconfigure.orm.jpa.JpaBaseConfiguration$JpaWebConfiguration] spring.jpa.open-in-view is enabled by default. Therefore, database queries may be performed during view rendering. Explicitly configure spring.jpa.open-in-view to disable this warning
[2023-09-06 09:48:37.422 INFO  restartedMain] [org.springframework.boot.devtools.autoconfigure.OptionalLiveReloadServer] LiveReload server is running on port 35729
[2023-09-06 09:48:37.446 INFO  restartedMain] [org.springframework.boot.web.embedded.tomcat.TomcatWebServer] Tomcat started on port(s): 8080 (http) with context path ''
[2023-09-06 09:48:37.453 INFO  restartedMain] [com.green.jpaexam.JpaExamApplication] Started JpaExamApplication in 3.326 seconds (process running for 3.752)
[2023-09-06 09:48:37.461 INFO  SpringApplicationShutdownHook] [org.springframework.orm.jpa.LocalContainerEntityManagerFactoryBean] Closing JPA EntityManagerFactory for persistence unit 'default'
[2023-09-06 09:48:37.463 INFO  SpringApplicationShutdownHook] [com.zaxxer.hikari.HikariDataSource] HikariPool-1 - Shutdown initiated...
[2023-09-06 09:48:37.465 INFO  SpringApplicationShutdownHook] [com.zaxxer.hikari.HikariDataSource] HikariPool-1 - Shutdown completed.
[2023-09-06 09:48:39.994 INFO  restartedMain] [com.green.jpaexam.JpaExamApplication] Starting JpaExamApplication using Java 17.0.7 with PID 9752 (D:\Students\jpaExam\target\classes started by Administrator in D:\Students\jpaExam)
[2023-09-06 09:48:39.996 INFO  restartedMain] [com.green.jpaexam.JpaExamApplication] No active profile set, falling back to 1 default profile: "default"
[2023-09-06 09:48:40.027 INFO  restartedMain] [org.springframework.boot.devtools.env.DevToolsPropertyDefaultsPostProcessor] Devtools property defaults active! Set 'spring.devtools.add-properties' to 'false' to disable
[2023-09-06 09:48:40.027 INFO  restartedMain] [org.springframework.boot.devtools.env.DevToolsPropertyDefaultsPostProcessor] For additional web related logging consider setting the 'logging.level.web' property to 'DEBUG'
[2023-09-06 09:48:40.560 INFO  restartedMain] [org.springframework.data.repository.config.RepositoryConfigurationDelegate] Bootstrapping Spring Data JPA repositories in DEFAULT mode.
[2023-09-06 09:48:40.609 INFO  restartedMain] [org.springframework.data.repository.config.RepositoryConfigurationDelegate] Finished Spring Data repository scanning in 42 ms. Found 4 JPA repository interfaces.
[2023-09-06 09:48:41.111 INFO  restartedMain] [org.springframework.boot.web.embedded.tomcat.TomcatWebServer] Tomcat initialized with port(s): 8080 (http)
[2023-09-06 09:48:41.121 INFO  restartedMain] [org.apache.coyote.http11.Http11NioProtocol] Initializing ProtocolHandler ["http-nio-8080"]
[2023-09-06 09:48:41.123 INFO  restartedMain] [org.apache.catalina.core.StandardService] Starting service [Tomcat]
[2023-09-06 09:48:41.124 INFO  restartedMain] [org.apache.catalina.core.StandardEngine] Starting Servlet engine: [Apache Tomcat/10.1.11]
[2023-09-06 09:48:41.198 INFO  restartedMain] [org.apache.catalina.core.ContainerBase.[Tomcat].[localhost].[/]] Initializing Spring embedded WebApplicationContext
[2023-09-06 09:48:41.198 INFO  restartedMain] [org.springframework.boot.web.servlet.context.ServletWebServerApplicationContext] Root WebApplicationContext: initialization completed in 1171 ms
[2023-09-06 09:48:41.376 INFO  restartedMain] [org.hibernate.jpa.internal.util.LogHelper] HHH000204: Processing PersistenceUnitInfo [name: default]
[2023-09-06 09:48:41.417 INFO  restartedMain] [org.hibernate.Version] HHH000412: Hibernate ORM core version 6.2.6.Final
[2023-09-06 09:48:41.418 INFO  restartedMain] [org.hibernate.cfg.Environment] HHH000406: Using bytecode reflection optimizer
[2023-09-06 09:48:41.526 INFO  restartedMain] [org.hibernate.bytecode.internal.BytecodeProviderInitiator] HHH000021: Bytecode provider name : bytebuddy
[2023-09-06 09:48:41.623 INFO  restartedMain] [org.springframework.orm.jpa.persistenceunit.SpringPersistenceUnitInfo] No LoadTimeWeaver setup: ignoring JPA class transformer
[2023-09-06 09:48:41.635 INFO  restartedMain] [com.zaxxer.hikari.HikariDataSource] HikariPool-1 - Starting...
[2023-09-06 09:48:41.696 INFO  restartedMain] [com.zaxxer.hikari.pool.HikariPool] HikariPool-1 - Added connection org.mariadb.jdbc.Connection@5c5c18d
[2023-09-06 09:48:41.698 INFO  restartedMain] [com.zaxxer.hikari.HikariDataSource] HikariPool-1 - Start completed.
[2023-09-06 09:48:41.915 INFO  restartedMain] [org.hibernate.bytecode.internal.BytecodeProviderInitiator] HHH000021: Bytecode provider name : bytebuddy
[2023-09-06 09:48:42.435 INFO  restartedMain] [org.hibernate.engine.transaction.jta.platform.internal.JtaPlatformInitiator] HHH000490: Using JtaPlatform implementation: [org.hibernate.engine.transaction.jta.platform.internal.NoJtaPlatform]
[2023-09-06 09:48:42.543 INFO  restartedMain] [org.springframework.orm.jpa.LocalContainerEntityManagerFactoryBean] Initialized JPA EntityManagerFactory for persistence unit 'default'
[2023-09-06 09:48:42.802 INFO  restartedMain] [org.springframework.data.jpa.repository.query.QueryEnhancerFactory] Hibernate is in classpath; If applicable, HQL parser will be used.
[2023-09-06 09:48:43.236 WARN  restartedMain] [org.springframework.boot.autoconfigure.orm.jpa.JpaBaseConfiguration$JpaWebConfiguration] spring.jpa.open-in-view is enabled by default. Therefore, database queries may be performed during view rendering. Explicitly configure spring.jpa.open-in-view to disable this warning
[2023-09-06 09:48:43.473 INFO  restartedMain] [org.springframework.boot.devtools.autoconfigure.OptionalLiveReloadServer] LiveReload server is running on port 35729
[2023-09-06 09:48:43.486 INFO  restartedMain] [org.apache.coyote.http11.Http11NioProtocol] Starting ProtocolHandler ["http-nio-8080"]
[2023-09-06 09:48:43.499 INFO  restartedMain] [org.springframework.boot.web.embedded.tomcat.TomcatWebServer] Tomcat started on port(s): 8080 (http) with context path ''
[2023-09-06 09:48:43.506 INFO  restartedMain] [com.green.jpaexam.JpaExamApplication] Started JpaExamApplication in 3.87 seconds (process running for 4.742)
[2023-09-06 09:48:43.567 INFO  http-nio-8080-exec-1] [org.apache.catalina.core.ContainerBase.[Tomcat].[localhost].[/]] Initializing Spring DispatcherServlet 'dispatcherServlet'
[2023-09-06 09:48:43.568 INFO  http-nio-8080-exec-1] [org.springframework.web.servlet.DispatcherServlet] Initializing Servlet 'dispatcherServlet'
[2023-09-06 09:48:43.568 INFO  http-nio-8080-exec-1] [org.springframework.web.servlet.DispatcherServlet] Completed initialization in 0 ms
[2023-09-06 09:48:43.991 INFO  http-nio-8080-exec-3] [org.springdoc.api.AbstractOpenApiResource] Init duration for springdoc-openapi is: 249 ms
[2023-09-06 09:51:47.238 INFO  SpringApplicationShutdownHook] [org.springframework.orm.jpa.LocalContainerEntityManagerFactoryBean] Closing JPA EntityManagerFactory for persistence unit 'default'
[2023-09-06 09:51:47.241 INFO  SpringApplicationShutdownHook] [com.zaxxer.hikari.HikariDataSource] HikariPool-1 - Shutdown initiated...
[2023-09-06 09:51:47.244 INFO  SpringApplicationShutdownHook] [com.zaxxer.hikari.HikariDataSource] HikariPool-1 - Shutdown completed.
[2023-09-06 09:51:50.376 INFO  restartedMain] [com.green.jpaexam.JpaExamApplication] Starting JpaExamApplication using Java 17.0.7 with PID 7232 (D:\Students\jpaExam\target\classes started by Administrator in D:\Students\jpaExam)
[2023-09-06 09:51:50.377 INFO  restartedMain] [com.green.jpaexam.JpaExamApplication] No active profile set, falling back to 1 default profile: "default"
[2023-09-06 09:51:50.405 INFO  restartedMain] [org.springframework.boot.devtools.env.DevToolsPropertyDefaultsPostProcessor] Devtools property defaults active! Set 'spring.devtools.add-properties' to 'false' to disable
[2023-09-06 09:51:50.406 INFO  restartedMain] [org.springframework.boot.devtools.env.DevToolsPropertyDefaultsPostProcessor] For additional web related logging consider setting the 'logging.level.web' property to 'DEBUG'
[2023-09-06 09:51:50.871 INFO  restartedMain] [org.springframework.data.repository.config.RepositoryConfigurationDelegate] Bootstrapping Spring Data JPA repositories in DEFAULT mode.
[2023-09-06 09:51:50.919 INFO  restartedMain] [org.springframework.data.repository.config.RepositoryConfigurationDelegate] Finished Spring Data repository scanning in 42 ms. Found 4 JPA repository interfaces.
[2023-09-06 09:51:51.302 INFO  restartedMain] [org.springframework.boot.web.embedded.tomcat.TomcatWebServer] Tomcat initialized with port(s): 8080 (http)
[2023-09-06 09:51:51.308 INFO  restartedMain] [org.apache.coyote.http11.Http11NioProtocol] Initializing ProtocolHandler ["http-nio-8080"]
[2023-09-06 09:51:51.309 INFO  restartedMain] [org.apache.catalina.core.StandardService] Starting service [Tomcat]
[2023-09-06 09:51:51.309 INFO  restartedMain] [org.apache.catalina.core.StandardEngine] Starting Servlet engine: [Apache Tomcat/10.1.11]
[2023-09-06 09:51:51.348 INFO  restartedMain] [org.apache.catalina.core.ContainerBase.[Tomcat].[localhost].[/]] Initializing Spring embedded WebApplicationContext
[2023-09-06 09:51:51.348 INFO  restartedMain] [org.springframework.boot.web.servlet.context.ServletWebServerApplicationContext] Root WebApplicationContext: initialization completed in 942 ms
[2023-09-06 09:51:51.439 INFO  restartedMain] [org.hibernate.jpa.internal.util.LogHelper] HHH000204: Processing PersistenceUnitInfo [name: default]
[2023-09-06 09:51:51.471 INFO  restartedMain] [org.hibernate.Version] HHH000412: Hibernate ORM core version 6.2.6.Final
[2023-09-06 09:51:51.473 INFO  restartedMain] [org.hibernate.cfg.Environment] HHH000406: Using bytecode reflection optimizer
[2023-09-06 09:51:51.566 INFO  restartedMain] [org.hibernate.bytecode.internal.BytecodeProviderInitiator] HHH000021: Bytecode provider name : bytebuddy
[2023-09-06 09:51:51.652 INFO  restartedMain] [org.springframework.orm.jpa.persistenceunit.SpringPersistenceUnitInfo] No LoadTimeWeaver setup: ignoring JPA class transformer
[2023-09-06 09:51:51.663 INFO  restartedMain] [com.zaxxer.hikari.HikariDataSource] HikariPool-1 - Starting...
[2023-09-06 09:51:51.715 INFO  restartedMain] [com.zaxxer.hikari.pool.HikariPool] HikariPool-1 - Added connection org.mariadb.jdbc.Connection@18094820
[2023-09-06 09:51:51.717 INFO  restartedMain] [com.zaxxer.hikari.HikariDataSource] HikariPool-1 - Start completed.
[2023-09-06 09:51:51.901 INFO  restartedMain] [org.hibernate.bytecode.internal.BytecodeProviderInitiator] HHH000021: Bytecode provider name : bytebuddy
[2023-09-06 09:51:52.383 INFO  restartedMain] [org.hibernate.engine.transaction.jta.platform.internal.JtaPlatformInitiator] HHH000490: Using JtaPlatform implementation: [org.hibernate.engine.transaction.jta.platform.internal.NoJtaPlatform]
[2023-09-06 09:51:52.486 INFO  restartedMain] [org.springframework.orm.jpa.LocalContainerEntityManagerFactoryBean] Initialized JPA EntityManagerFactory for persistence unit 'default'
[2023-09-06 09:51:52.679 INFO  restartedMain] [org.springframework.data.jpa.repository.query.QueryEnhancerFactory] Hibernate is in classpath; If applicable, HQL parser will be used.
[2023-09-06 09:51:53.163 WARN  restartedMain] [org.springframework.boot.autoconfigure.orm.jpa.JpaBaseConfiguration$JpaWebConfiguration] spring.jpa.open-in-view is enabled by default. Therefore, database queries may be performed during view rendering. Explicitly configure spring.jpa.open-in-view to disable this warning
[2023-09-06 09:51:53.582 INFO  restartedMain] [org.springframework.boot.devtools.autoconfigure.OptionalLiveReloadServer] LiveReload server is running on port 35729
[2023-09-06 09:51:53.598 INFO  restartedMain] [org.apache.coyote.http11.Http11NioProtocol] Starting ProtocolHandler ["http-nio-8080"]
[2023-09-06 09:51:53.616 INFO  restartedMain] [org.springframework.boot.web.embedded.tomcat.TomcatWebServer] Tomcat started on port(s): 8080 (http) with context path ''
[2023-09-06 09:51:53.627 INFO  restartedMain] [com.green.jpaexam.JpaExamApplication] Started JpaExamApplication in 3.59 seconds (process running for 4.004)
[2023-09-06 09:51:55.525 INFO  http-nio-8080-exec-1] [org.apache.catalina.core.ContainerBase.[Tomcat].[localhost].[/]] Initializing Spring DispatcherServlet 'dispatcherServlet'
[2023-09-06 09:51:55.525 INFO  http-nio-8080-exec-1] [org.springframework.web.servlet.DispatcherServlet] Initializing Servlet 'dispatcherServlet'
[2023-09-06 09:51:55.526 INFO  http-nio-8080-exec-1] [org.springframework.web.servlet.DispatcherServlet] Completed initialization in 1 ms
[2023-09-06 09:55:09.964 INFO  SpringApplicationShutdownHook] [org.springframework.orm.jpa.LocalContainerEntityManagerFactoryBean] Closing JPA EntityManagerFactory for persistence unit 'default'
[2023-09-06 09:55:09.966 INFO  SpringApplicationShutdownHook] [com.zaxxer.hikari.HikariDataSource] HikariPool-1 - Shutdown initiated...
[2023-09-06 09:55:09.968 INFO  SpringApplicationShutdownHook] [com.zaxxer.hikari.HikariDataSource] HikariPool-1 - Shutdown completed.
[2023-09-06 09:59:26.676 INFO  restartedMain] [com.green.jpaexam.JpaExamApplication] Starting JpaExamApplication using Java 17.0.7 with PID 8280 (D:\Students\jpaExam\target\classes started by Administrator in D:\Students\jpaExam)
[2023-09-06 09:59:26.677 INFO  restartedMain] [com.green.jpaexam.JpaExamApplication] No active profile set, falling back to 1 default profile: "default"
[2023-09-06 09:59:26.706 INFO  restartedMain] [org.springframework.boot.devtools.env.DevToolsPropertyDefaultsPostProcessor] Devtools property defaults active! Set 'spring.devtools.add-properties' to 'false' to disable
[2023-09-06 09:59:26.706 INFO  restartedMain] [org.springframework.boot.devtools.env.DevToolsPropertyDefaultsPostProcessor] For additional web related logging consider setting the 'logging.level.web' property to 'DEBUG'
[2023-09-06 09:59:27.177 INFO  restartedMain] [org.springframework.data.repository.config.RepositoryConfigurationDelegate] Bootstrapping Spring Data JPA repositories in DEFAULT mode.
[2023-09-06 09:59:27.222 INFO  restartedMain] [org.springframework.data.repository.config.RepositoryConfigurationDelegate] Finished Spring Data repository scanning in 40 ms. Found 4 JPA repository interfaces.
[2023-09-06 09:59:27.616 INFO  restartedMain] [org.springframework.boot.web.embedded.tomcat.TomcatWebServer] Tomcat initialized with port(s): 8080 (http)
[2023-09-06 09:59:27.622 INFO  restartedMain] [org.apache.coyote.http11.Http11NioProtocol] Initializing ProtocolHandler ["http-nio-8080"]
[2023-09-06 09:59:27.623 INFO  restartedMain] [org.apache.catalina.core.StandardService] Starting service [Tomcat]
[2023-09-06 09:59:27.624 INFO  restartedMain] [org.apache.catalina.core.StandardEngine] Starting Servlet engine: [Apache Tomcat/10.1.11]
[2023-09-06 09:59:27.665 INFO  restartedMain] [org.apache.catalina.core.ContainerBase.[Tomcat].[localhost].[/]] Initializing Spring embedded WebApplicationContext
[2023-09-06 09:59:27.665 INFO  restartedMain] [org.springframework.boot.web.servlet.context.ServletWebServerApplicationContext] Root WebApplicationContext: initialization completed in 958 ms
[2023-09-06 09:59:27.759 INFO  restartedMain] [org.hibernate.jpa.internal.util.LogHelper] HHH000204: Processing PersistenceUnitInfo [name: default]
[2023-09-06 09:59:27.793 INFO  restartedMain] [org.hibernate.Version] HHH000412: Hibernate ORM core version 6.2.6.Final
[2023-09-06 09:59:27.795 INFO  restartedMain] [org.hibernate.cfg.Environment] HHH000406: Using bytecode reflection optimizer
[2023-09-06 09:59:27.895 INFO  restartedMain] [org.hibernate.bytecode.internal.BytecodeProviderInitiator] HHH000021: Bytecode provider name : bytebuddy
[2023-09-06 09:59:27.985 INFO  restartedMain] [org.springframework.orm.jpa.persistenceunit.SpringPersistenceUnitInfo] No LoadTimeWeaver setup: ignoring JPA class transformer
[2023-09-06 09:59:27.998 INFO  restartedMain] [com.zaxxer.hikari.HikariDataSource] HikariPool-1 - Starting...
[2023-09-06 09:59:28.054 INFO  restartedMain] [com.zaxxer.hikari.pool.HikariPool] HikariPool-1 - Added connection org.mariadb.jdbc.Connection@1f02b2b3
[2023-09-06 09:59:28.055 INFO  restartedMain] [com.zaxxer.hikari.HikariDataSource] HikariPool-1 - Start completed.
[2023-09-06 09:59:28.247 INFO  restartedMain] [org.hibernate.bytecode.internal.BytecodeProviderInitiator] HHH000021: Bytecode provider name : bytebuddy
[2023-09-06 09:59:28.882 INFO  restartedMain] [org.hibernate.engine.transaction.jta.platform.internal.JtaPlatformInitiator] HHH000490: Using JtaPlatform implementation: [org.hibernate.engine.transaction.jta.platform.internal.NoJtaPlatform]
[2023-09-06 09:59:28.989 INFO  restartedMain] [org.springframework.orm.jpa.LocalContainerEntityManagerFactoryBean] Initialized JPA EntityManagerFactory for persistence unit 'default'
[2023-09-06 09:59:29.184 INFO  restartedMain] [org.springframework.data.jpa.repository.query.QueryEnhancerFactory] Hibernate is in classpath; If applicable, HQL parser will be used.
[2023-09-06 09:59:29.592 WARN  restartedMain] [org.springframework.boot.autoconfigure.orm.jpa.JpaBaseConfiguration$JpaWebConfiguration] spring.jpa.open-in-view is enabled by default. Therefore, database queries may be performed during view rendering. Explicitly configure spring.jpa.open-in-view to disable this warning
[2023-09-06 09:59:29.816 INFO  restartedMain] [org.springframework.boot.devtools.autoconfigure.OptionalLiveReloadServer] LiveReload server is running on port 35729
[2023-09-06 09:59:29.828 INFO  restartedMain] [org.apache.coyote.http11.Http11NioProtocol] Starting ProtocolHandler ["http-nio-8080"]
[2023-09-06 09:59:29.839 INFO  restartedMain] [org.springframework.boot.web.embedded.tomcat.TomcatWebServer] Tomcat started on port(s): 8080 (http) with context path ''
[2023-09-06 09:59:29.846 INFO  restartedMain] [com.green.jpaexam.JpaExamApplication] Started JpaExamApplication in 3.514 seconds (process running for 3.95)
[2023-09-06 10:06:19.155 INFO  SpringApplicationShutdownHook] [org.springframework.orm.jpa.LocalContainerEntityManagerFactoryBean] Closing JPA EntityManagerFactory for persistence unit 'default'
[2023-09-06 10:06:19.157 INFO  SpringApplicationShutdownHook] [com.zaxxer.hikari.HikariDataSource] HikariPool-1 - Shutdown initiated...
[2023-09-06 10:06:19.159 INFO  SpringApplicationShutdownHook] [com.zaxxer.hikari.HikariDataSource] HikariPool-1 - Shutdown completed.
[2023-09-06 10:06:22.608 INFO  restartedMain] [com.green.jpaexam.JpaExamApplication] Starting JpaExamApplication using Java 17.0.7 with PID 12432 (D:\Students\jpaExam\target\classes started by Administrator in D:\Students\jpaExam)
[2023-09-06 10:06:22.609 INFO  restartedMain] [com.green.jpaexam.JpaExamApplication] No active profile set, falling back to 1 default profile: "default"
[2023-09-06 10:06:22.638 INFO  restartedMain] [org.springframework.boot.devtools.env.DevToolsPropertyDefaultsPostProcessor] Devtools property defaults active! Set 'spring.devtools.add-properties' to 'false' to disable
[2023-09-06 10:06:22.638 INFO  restartedMain] [org.springframework.boot.devtools.env.DevToolsPropertyDefaultsPostProcessor] For additional web related logging consider setting the 'logging.level.web' property to 'DEBUG'
[2023-09-06 10:06:23.106 INFO  restartedMain] [org.springframework.data.repository.config.RepositoryConfigurationDelegate] Bootstrapping Spring Data JPA repositories in DEFAULT mode.
[2023-09-06 10:06:23.152 INFO  restartedMain] [org.springframework.data.repository.config.RepositoryConfigurationDelegate] Finished Spring Data repository scanning in 42 ms. Found 4 JPA repository interfaces.
[2023-09-06 10:06:23.545 INFO  restartedMain] [org.springframework.boot.web.embedded.tomcat.TomcatWebServer] Tomcat initialized with port(s): 8080 (http)
[2023-09-06 10:06:23.551 INFO  restartedMain] [org.apache.coyote.http11.Http11NioProtocol] Initializing ProtocolHandler ["http-nio-8080"]
[2023-09-06 10:06:23.552 INFO  restartedMain] [org.apache.catalina.core.StandardService] Starting service [Tomcat]
[2023-09-06 10:06:23.553 INFO  restartedMain] [org.apache.catalina.core.StandardEngine] Starting Servlet engine: [Apache Tomcat/10.1.11]
[2023-09-06 10:06:23.593 INFO  restartedMain] [org.apache.catalina.core.ContainerBase.[Tomcat].[localhost].[/]] Initializing Spring embedded WebApplicationContext
[2023-09-06 10:06:23.594 INFO  restartedMain] [org.springframework.boot.web.servlet.context.ServletWebServerApplicationContext] Root WebApplicationContext: initialization completed in 955 ms
[2023-09-06 10:06:23.686 INFO  restartedMain] [org.hibernate.jpa.internal.util.LogHelper] HHH000204: Processing PersistenceUnitInfo [name: default]
[2023-09-06 10:06:23.721 INFO  restartedMain] [org.hibernate.Version] HHH000412: Hibernate ORM core version 6.2.6.Final
[2023-09-06 10:06:23.723 INFO  restartedMain] [org.hibernate.cfg.Environment] HHH000406: Using bytecode reflection optimizer
[2023-09-06 10:06:23.819 INFO  restartedMain] [org.hibernate.bytecode.internal.BytecodeProviderInitiator] HHH000021: Bytecode provider name : bytebuddy
[2023-09-06 10:06:23.907 INFO  restartedMain] [org.springframework.orm.jpa.persistenceunit.SpringPersistenceUnitInfo] No LoadTimeWeaver setup: ignoring JPA class transformer
[2023-09-06 10:06:23.918 INFO  restartedMain] [com.zaxxer.hikari.HikariDataSource] HikariPool-1 - Starting...
[2023-09-06 10:06:23.971 INFO  restartedMain] [com.zaxxer.hikari.pool.HikariPool] HikariPool-1 - Added connection org.mariadb.jdbc.Connection@312a1b93
[2023-09-06 10:06:23.972 INFO  restartedMain] [com.zaxxer.hikari.HikariDataSource] HikariPool-1 - Start completed.
[2023-09-06 10:06:24.157 INFO  restartedMain] [org.hibernate.bytecode.internal.BytecodeProviderInitiator] HHH000021: Bytecode provider name : bytebuddy
[2023-09-06 10:06:24.632 INFO  restartedMain] [org.hibernate.engine.transaction.jta.platform.internal.JtaPlatformInitiator] HHH000490: Using JtaPlatform implementation: [org.hibernate.engine.transaction.jta.platform.internal.NoJtaPlatform]
[2023-09-06 10:06:24.745 INFO  restartedMain] [org.springframework.orm.jpa.LocalContainerEntityManagerFactoryBean] Initialized JPA EntityManagerFactory for persistence unit 'default'
[2023-09-06 10:06:24.937 INFO  restartedMain] [org.springframework.data.jpa.repository.query.QueryEnhancerFactory] Hibernate is in classpath; If applicable, HQL parser will be used.
[2023-09-06 10:06:25.339 WARN  restartedMain] [org.springframework.boot.autoconfigure.orm.jpa.JpaBaseConfiguration$JpaWebConfiguration] spring.jpa.open-in-view is enabled by default. Therefore, database queries may be performed during view rendering. Explicitly configure spring.jpa.open-in-view to disable this warning
[2023-09-06 10:06:25.552 INFO  restartedMain] [org.springframework.boot.devtools.autoconfigure.OptionalLiveReloadServer] LiveReload server is running on port 35729
[2023-09-06 10:06:25.563 INFO  restartedMain] [org.apache.coyote.http11.Http11NioProtocol] Starting ProtocolHandler ["http-nio-8080"]
[2023-09-06 10:06:25.576 INFO  restartedMain] [org.springframework.boot.web.embedded.tomcat.TomcatWebServer] Tomcat started on port(s): 8080 (http) with context path ''
[2023-09-06 10:06:25.582 INFO  restartedMain] [com.green.jpaexam.JpaExamApplication] Started JpaExamApplication in 3.319 seconds (process running for 3.745)
[2023-09-06 10:06:45.433 INFO  http-nio-8080-exec-1] [org.apache.catalina.core.ContainerBase.[Tomcat].[localhost].[/]] Initializing Spring DispatcherServlet 'dispatcherServlet'
[2023-09-06 10:06:45.433 INFO  http-nio-8080-exec-1] [org.springframework.web.servlet.DispatcherServlet] Initializing Servlet 'dispatcherServlet'
[2023-09-06 10:06:45.434 INFO  http-nio-8080-exec-1] [org.springframework.web.servlet.DispatcherServlet] Completed initialization in 1 ms
[2023-09-06 10:07:59.841 INFO  SpringApplicationShutdownHook] [org.springframework.orm.jpa.LocalContainerEntityManagerFactoryBean] Closing JPA EntityManagerFactory for persistence unit 'default'
[2023-09-06 10:07:59.843 INFO  SpringApplicationShutdownHook] [com.zaxxer.hikari.HikariDataSource] HikariPool-1 - Shutdown initiated...
[2023-09-06 10:07:59.846 INFO  SpringApplicationShutdownHook] [com.zaxxer.hikari.HikariDataSource] HikariPool-1 - Shutdown completed.
[2023-09-06 10:08:02.977 INFO  restartedMain] [com.green.jpaexam.JpaExamApplication] Starting JpaExamApplication using Java 17.0.7 with PID 3504 (D:\Students\jpaExam\target\classes started by Administrator in D:\Students\jpaExam)
[2023-09-06 10:08:02.979 INFO  restartedMain] [com.green.jpaexam.JpaExamApplication] No active profile set, falling back to 1 default profile: "default"
[2023-09-06 10:08:03.008 INFO  restartedMain] [org.springframework.boot.devtools.env.DevToolsPropertyDefaultsPostProcessor] Devtools property defaults active! Set 'spring.devtools.add-properties' to 'false' to disable
[2023-09-06 10:08:03.008 INFO  restartedMain] [org.springframework.boot.devtools.env.DevToolsPropertyDefaultsPostProcessor] For additional web related logging consider setting the 'logging.level.web' property to 'DEBUG'
[2023-09-06 10:08:03.644 INFO  restartedMain] [org.springframework.data.repository.config.RepositoryConfigurationDelegate] Bootstrapping Spring Data JPA repositories in DEFAULT mode.
[2023-09-06 10:08:03.688 INFO  restartedMain] [org.springframework.data.repository.config.RepositoryConfigurationDelegate] Finished Spring Data repository scanning in 39 ms. Found 4 JPA repository interfaces.
[2023-09-06 10:08:04.073 INFO  restartedMain] [org.springframework.boot.web.embedded.tomcat.TomcatWebServer] Tomcat initialized with port(s): 8080 (http)
[2023-09-06 10:08:04.078 INFO  restartedMain] [org.apache.coyote.http11.Http11NioProtocol] Initializing ProtocolHandler ["http-nio-8080"]
[2023-09-06 10:08:04.079 INFO  restartedMain] [org.apache.catalina.core.StandardService] Starting service [Tomcat]
[2023-09-06 10:08:04.079 INFO  restartedMain] [org.apache.catalina.core.StandardEngine] Starting Servlet engine: [Apache Tomcat/10.1.11]
[2023-09-06 10:08:04.118 INFO  restartedMain] [org.apache.catalina.core.ContainerBase.[Tomcat].[localhost].[/]] Initializing Spring embedded WebApplicationContext
[2023-09-06 10:08:04.118 INFO  restartedMain] [org.springframework.boot.web.servlet.context.ServletWebServerApplicationContext] Root WebApplicationContext: initialization completed in 1110 ms
[2023-09-06 10:08:04.213 INFO  restartedMain] [org.hibernate.jpa.internal.util.LogHelper] HHH000204: Processing PersistenceUnitInfo [name: default]
[2023-09-06 10:08:04.248 INFO  restartedMain] [org.hibernate.Version] HHH000412: Hibernate ORM core version 6.2.6.Final
[2023-09-06 10:08:04.249 INFO  restartedMain] [org.hibernate.cfg.Environment] HHH000406: Using bytecode reflection optimizer
[2023-09-06 10:08:04.344 INFO  restartedMain] [org.hibernate.bytecode.internal.BytecodeProviderInitiator] HHH000021: Bytecode provider name : bytebuddy
[2023-09-06 10:08:04.432 INFO  restartedMain] [org.springframework.orm.jpa.persistenceunit.SpringPersistenceUnitInfo] No LoadTimeWeaver setup: ignoring JPA class transformer
[2023-09-06 10:08:04.443 INFO  restartedMain] [com.zaxxer.hikari.HikariDataSource] HikariPool-1 - Starting...
[2023-09-06 10:08:04.495 INFO  restartedMain] [com.zaxxer.hikari.pool.HikariPool] HikariPool-1 - Added connection org.mariadb.jdbc.Connection@dc42989
[2023-09-06 10:08:04.496 INFO  restartedMain] [com.zaxxer.hikari.HikariDataSource] HikariPool-1 - Start completed.
[2023-09-06 10:08:04.684 INFO  restartedMain] [org.hibernate.bytecode.internal.BytecodeProviderInitiator] HHH000021: Bytecode provider name : bytebuddy
[2023-09-06 10:08:05.163 INFO  restartedMain] [org.hibernate.engine.transaction.jta.platform.internal.JtaPlatformInitiator] HHH000490: Using JtaPlatform implementation: [org.hibernate.engine.transaction.jta.platform.internal.NoJtaPlatform]
[2023-09-06 10:08:05.264 INFO  restartedMain] [org.springframework.orm.jpa.LocalContainerEntityManagerFactoryBean] Initialized JPA EntityManagerFactory for persistence unit 'default'
[2023-09-06 10:08:05.458 INFO  restartedMain] [org.springframework.data.jpa.repository.query.QueryEnhancerFactory] Hibernate is in classpath; If applicable, HQL parser will be used.
[2023-09-06 10:08:05.858 WARN  restartedMain] [org.springframework.boot.autoconfigure.orm.jpa.JpaBaseConfiguration$JpaWebConfiguration] spring.jpa.open-in-view is enabled by default. Therefore, database queries may be performed during view rendering. Explicitly configure spring.jpa.open-in-view to disable this warning
[2023-09-06 10:08:06.071 INFO  restartedMain] [org.springframework.boot.devtools.autoconfigure.OptionalLiveReloadServer] LiveReload server is running on port 35729
[2023-09-06 10:08:06.085 INFO  restartedMain] [org.apache.coyote.http11.Http11NioProtocol] Starting ProtocolHandler ["http-nio-8080"]
[2023-09-06 10:08:06.097 INFO  restartedMain] [org.springframework.boot.web.embedded.tomcat.TomcatWebServer] Tomcat started on port(s): 8080 (http) with context path ''
[2023-09-06 10:08:06.104 INFO  restartedMain] [com.green.jpaexam.JpaExamApplication] Started JpaExamApplication in 3.502 seconds (process running for 3.936)
[2023-09-06 10:08:18.487 INFO  http-nio-8080-exec-1] [org.apache.catalina.core.ContainerBase.[Tomcat].[localhost].[/]] Initializing Spring DispatcherServlet 'dispatcherServlet'
[2023-09-06 10:08:18.487 INFO  http-nio-8080-exec-1] [org.springframework.web.servlet.DispatcherServlet] Initializing Servlet 'dispatcherServlet'
[2023-09-06 10:08:18.488 INFO  http-nio-8080-exec-1] [org.springframework.web.servlet.DispatcherServlet] Completed initialization in 1 ms
[2023-09-06 10:10:13.362 INFO  SpringApplicationShutdownHook] [org.springframework.orm.jpa.LocalContainerEntityManagerFactoryBean] Closing JPA EntityManagerFactory for persistence unit 'default'
[2023-09-06 10:10:13.364 INFO  SpringApplicationShutdownHook] [com.zaxxer.hikari.HikariDataSource] HikariPool-1 - Shutdown initiated...
[2023-09-06 10:10:13.366 INFO  SpringApplicationShutdownHook] [com.zaxxer.hikari.HikariDataSource] HikariPool-1 - Shutdown completed.
[2023-09-06 10:10:16.520 INFO  restartedMain] [com.green.jpaexam.JpaExamApplication] Starting JpaExamApplication using Java 17.0.7 with PID 8488 (D:\Students\jpaExam\target\classes started by Administrator in D:\Students\jpaExam)
[2023-09-06 10:10:16.522 INFO  restartedMain] [com.green.jpaexam.JpaExamApplication] No active profile set, falling back to 1 default profile: "default"
[2023-09-06 10:10:16.550 INFO  restartedMain] [org.springframework.boot.devtools.env.DevToolsPropertyDefaultsPostProcessor] Devtools property defaults active! Set 'spring.devtools.add-properties' to 'false' to disable
[2023-09-06 10:10:16.550 INFO  restartedMain] [org.springframework.boot.devtools.env.DevToolsPropertyDefaultsPostProcessor] For additional web related logging consider setting the 'logging.level.web' property to 'DEBUG'
[2023-09-06 10:10:17.015 INFO  restartedMain] [org.springframework.data.repository.config.RepositoryConfigurationDelegate] Bootstrapping Spring Data JPA repositories in DEFAULT mode.
[2023-09-06 10:10:17.063 INFO  restartedMain] [org.springframework.data.repository.config.RepositoryConfigurationDelegate] Finished Spring Data repository scanning in 43 ms. Found 4 JPA repository interfaces.
[2023-09-06 10:10:17.465 INFO  restartedMain] [org.springframework.boot.web.embedded.tomcat.TomcatWebServer] Tomcat initialized with port(s): 8080 (http)
[2023-09-06 10:10:17.471 INFO  restartedMain] [org.apache.coyote.http11.Http11NioProtocol] Initializing ProtocolHandler ["http-nio-8080"]
[2023-09-06 10:10:17.472 INFO  restartedMain] [org.apache.catalina.core.StandardService] Starting service [Tomcat]
[2023-09-06 10:10:17.472 INFO  restartedMain] [org.apache.catalina.core.StandardEngine] Starting Servlet engine: [Apache Tomcat/10.1.11]
[2023-09-06 10:10:17.513 INFO  restartedMain] [org.apache.catalina.core.ContainerBase.[Tomcat].[localhost].[/]] Initializing Spring embedded WebApplicationContext
[2023-09-06 10:10:17.513 INFO  restartedMain] [org.springframework.boot.web.servlet.context.ServletWebServerApplicationContext] Root WebApplicationContext: initialization completed in 963 ms
[2023-09-06 10:10:17.623 INFO  restartedMain] [org.hibernate.jpa.internal.util.LogHelper] HHH000204: Processing PersistenceUnitInfo [name: default]
[2023-09-06 10:10:17.686 INFO  restartedMain] [org.hibernate.Version] HHH000412: Hibernate ORM core version 6.2.6.Final
[2023-09-06 10:10:17.688 INFO  restartedMain] [org.hibernate.cfg.Environment] HHH000406: Using bytecode reflection optimizer
[2023-09-06 10:10:17.846 INFO  restartedMain] [org.hibernate.bytecode.internal.BytecodeProviderInitiator] HHH000021: Bytecode provider name : bytebuddy
[2023-09-06 10:10:17.989 INFO  restartedMain] [org.springframework.orm.jpa.persistenceunit.SpringPersistenceUnitInfo] No LoadTimeWeaver setup: ignoring JPA class transformer
[2023-09-06 10:10:18.002 INFO  restartedMain] [com.zaxxer.hikari.HikariDataSource] HikariPool-1 - Starting...
[2023-09-06 10:10:18.058 INFO  restartedMain] [com.zaxxer.hikari.pool.HikariPool] HikariPool-1 - Added connection org.mariadb.jdbc.Connection@3b4445a6
[2023-09-06 10:10:18.060 INFO  restartedMain] [com.zaxxer.hikari.HikariDataSource] HikariPool-1 - Start completed.
[2023-09-06 10:10:18.253 INFO  restartedMain] [org.hibernate.bytecode.internal.BytecodeProviderInitiator] HHH000021: Bytecode provider name : bytebuddy
[2023-09-06 10:10:18.741 INFO  restartedMain] [org.hibernate.engine.transaction.jta.platform.internal.JtaPlatformInitiator] HHH000490: Using JtaPlatform implementation: [org.hibernate.engine.transaction.jta.platform.internal.NoJtaPlatform]
[2023-09-06 10:10:18.861 INFO  restartedMain] [org.springframework.orm.jpa.LocalContainerEntityManagerFactoryBean] Initialized JPA EntityManagerFactory for persistence unit 'default'
[2023-09-06 10:10:19.054 INFO  restartedMain] [org.springframework.data.jpa.repository.query.QueryEnhancerFactory] Hibernate is in classpath; If applicable, HQL parser will be used.
[2023-09-06 10:10:19.455 WARN  restartedMain] [org.springframework.boot.autoconfigure.orm.jpa.JpaBaseConfiguration$JpaWebConfiguration] spring.jpa.open-in-view is enabled by default. Therefore, database queries may be performed during view rendering. Explicitly configure spring.jpa.open-in-view to disable this warning
[2023-09-06 10:10:19.669 INFO  restartedMain] [org.springframework.boot.devtools.autoconfigure.OptionalLiveReloadServer] LiveReload server is running on port 35729
[2023-09-06 10:10:19.681 INFO  restartedMain] [org.apache.coyote.http11.Http11NioProtocol] Starting ProtocolHandler ["http-nio-8080"]
[2023-09-06 10:10:19.693 INFO  restartedMain] [org.springframework.boot.web.embedded.tomcat.TomcatWebServer] Tomcat started on port(s): 8080 (http) with context path ''
[2023-09-06 10:10:19.700 INFO  restartedMain] [com.green.jpaexam.JpaExamApplication] Started JpaExamApplication in 3.521 seconds (process running for 3.94)
[2023-09-06 10:10:19.746 INFO  http-nio-8080-exec-1] [org.apache.catalina.core.ContainerBase.[Tomcat].[localhost].[/]] Initializing Spring DispatcherServlet 'dispatcherServlet'
[2023-09-06 10:10:19.746 INFO  http-nio-8080-exec-1] [org.springframework.web.servlet.DispatcherServlet] Initializing Servlet 'dispatcherServlet'
[2023-09-06 10:10:19.747 INFO  http-nio-8080-exec-1] [org.springframework.web.servlet.DispatcherServlet] Completed initialization in 1 ms
[2023-09-06 10:14:41.129 INFO  SpringApplicationShutdownHook] [org.springframework.orm.jpa.LocalContainerEntityManagerFactoryBean] Closing JPA EntityManagerFactory for persistence unit 'default'
[2023-09-06 10:14:41.131 INFO  SpringApplicationShutdownHook] [com.zaxxer.hikari.HikariDataSource] HikariPool-1 - Shutdown initiated...
[2023-09-06 10:14:41.134 INFO  SpringApplicationShutdownHook] [com.zaxxer.hikari.HikariDataSource] HikariPool-1 - Shutdown completed.
[2023-09-06 10:14:44.331 INFO  restartedMain] [com.green.jpaexam.JpaExamApplication] Starting JpaExamApplication using Java 17.0.7 with PID 3880 (D:\Students\jpaExam\target\classes started by Administrator in D:\Students\jpaExam)
[2023-09-06 10:14:44.333 INFO  restartedMain] [com.green.jpaexam.JpaExamApplication] No active profile set, falling back to 1 default profile: "default"
[2023-09-06 10:14:44.364 INFO  restartedMain] [org.springframework.boot.devtools.env.DevToolsPropertyDefaultsPostProcessor] Devtools property defaults active! Set 'spring.devtools.add-properties' to 'false' to disable
[2023-09-06 10:14:44.364 INFO  restartedMain] [org.springframework.boot.devtools.env.DevToolsPropertyDefaultsPostProcessor] For additional web related logging consider setting the 'logging.level.web' property to 'DEBUG'
[2023-09-06 10:14:44.858 INFO  restartedMain] [org.springframework.data.repository.config.RepositoryConfigurationDelegate] Bootstrapping Spring Data JPA repositories in DEFAULT mode.
[2023-09-06 10:14:44.929 INFO  restartedMain] [org.springframework.data.repository.config.RepositoryConfigurationDelegate] Finished Spring Data repository scanning in 65 ms. Found 4 JPA repository interfaces.
[2023-09-06 10:14:45.481 INFO  restartedMain] [org.springframework.boot.web.embedded.tomcat.TomcatWebServer] Tomcat initialized with port(s): 8080 (http)
[2023-09-06 10:14:45.486 INFO  restartedMain] [org.apache.coyote.http11.Http11NioProtocol] Initializing ProtocolHandler ["http-nio-8080"]
[2023-09-06 10:14:45.487 INFO  restartedMain] [org.apache.catalina.core.StandardService] Starting service [Tomcat]
[2023-09-06 10:14:45.487 INFO  restartedMain] [org.apache.catalina.core.StandardEngine] Starting Servlet engine: [Apache Tomcat/10.1.11]
[2023-09-06 10:14:45.531 INFO  restartedMain] [org.apache.catalina.core.ContainerBase.[Tomcat].[localhost].[/]] Initializing Spring embedded WebApplicationContext
[2023-09-06 10:14:45.531 INFO  restartedMain] [org.springframework.boot.web.servlet.context.ServletWebServerApplicationContext] Root WebApplicationContext: initialization completed in 1166 ms
[2023-09-06 10:14:45.626 INFO  restartedMain] [org.hibernate.jpa.internal.util.LogHelper] HHH000204: Processing PersistenceUnitInfo [name: default]
[2023-09-06 10:14:45.663 INFO  restartedMain] [org.hibernate.Version] HHH000412: Hibernate ORM core version 6.2.6.Final
[2023-09-06 10:14:45.664 INFO  restartedMain] [org.hibernate.cfg.Environment] HHH000406: Using bytecode reflection optimizer
[2023-09-06 10:14:45.760 INFO  restartedMain] [org.hibernate.bytecode.internal.BytecodeProviderInitiator] HHH000021: Bytecode provider name : bytebuddy
[2023-09-06 10:14:45.848 INFO  restartedMain] [org.springframework.orm.jpa.persistenceunit.SpringPersistenceUnitInfo] No LoadTimeWeaver setup: ignoring JPA class transformer
[2023-09-06 10:14:45.860 INFO  restartedMain] [com.zaxxer.hikari.HikariDataSource] HikariPool-1 - Starting...
[2023-09-06 10:14:45.914 INFO  restartedMain] [com.zaxxer.hikari.pool.HikariPool] HikariPool-1 - Added connection org.mariadb.jdbc.Connection@3b4445a6
[2023-09-06 10:14:45.916 INFO  restartedMain] [com.zaxxer.hikari.HikariDataSource] HikariPool-1 - Start completed.
[2023-09-06 10:14:46.103 INFO  restartedMain] [org.hibernate.bytecode.internal.BytecodeProviderInitiator] HHH000021: Bytecode provider name : bytebuddy
[2023-09-06 10:14:46.583 INFO  restartedMain] [org.hibernate.engine.transaction.jta.platform.internal.JtaPlatformInitiator] HHH000490: Using JtaPlatform implementation: [org.hibernate.engine.transaction.jta.platform.internal.NoJtaPlatform]
[2023-09-06 10:14:46.690 INFO  restartedMain] [org.springframework.orm.jpa.LocalContainerEntityManagerFactoryBean] Initialized JPA EntityManagerFactory for persistence unit 'default'
[2023-09-06 10:14:46.881 INFO  restartedMain] [org.springframework.data.jpa.repository.query.QueryEnhancerFactory] Hibernate is in classpath; If applicable, HQL parser will be used.
[2023-09-06 10:14:47.291 WARN  restartedMain] [org.springframework.boot.autoconfigure.orm.jpa.JpaBaseConfiguration$JpaWebConfiguration] spring.jpa.open-in-view is enabled by default. Therefore, database queries may be performed during view rendering. Explicitly configure spring.jpa.open-in-view to disable this warning
[2023-09-06 10:14:47.498 INFO  restartedMain] [org.springframework.boot.devtools.autoconfigure.OptionalLiveReloadServer] LiveReload server is running on port 35729
[2023-09-06 10:14:47.510 INFO  restartedMain] [org.apache.coyote.http11.Http11NioProtocol] Starting ProtocolHandler ["http-nio-8080"]
[2023-09-06 10:14:47.522 INFO  restartedMain] [org.springframework.boot.web.embedded.tomcat.TomcatWebServer] Tomcat started on port(s): 8080 (http) with context path ''
[2023-09-06 10:14:47.528 INFO  restartedMain] [com.green.jpaexam.JpaExamApplication] Started JpaExamApplication in 3.538 seconds (process running for 3.958)
[2023-09-06 10:14:47.643 INFO  http-nio-8080-exec-1] [org.apache.catalina.core.ContainerBase.[Tomcat].[localhost].[/]] Initializing Spring DispatcherServlet 'dispatcherServlet'
[2023-09-06 10:14:47.644 INFO  http-nio-8080-exec-1] [org.springframework.web.servlet.DispatcherServlet] Initializing Servlet 'dispatcherServlet'
[2023-09-06 10:14:47.644 INFO  http-nio-8080-exec-1] [org.springframework.web.servlet.DispatcherServlet] Completed initialization in 0 ms
[2023-09-06 10:15:14.119 INFO  SpringApplicationShutdownHook] [org.springframework.orm.jpa.LocalContainerEntityManagerFactoryBean] Closing JPA EntityManagerFactory for persistence unit 'default'
[2023-09-06 10:15:14.121 INFO  SpringApplicationShutdownHook] [com.zaxxer.hikari.HikariDataSource] HikariPool-1 - Shutdown initiated...
[2023-09-06 10:15:14.123 INFO  SpringApplicationShutdownHook] [com.zaxxer.hikari.HikariDataSource] HikariPool-1 - Shutdown completed.
[2023-09-06 10:15:17.146 INFO  restartedMain] [com.green.jpaexam.JpaExamApplication] Starting JpaExamApplication using Java 17.0.7 with PID 9148 (D:\Students\jpaExam\target\classes started by Administrator in D:\Students\jpaExam)
[2023-09-06 10:15:17.147 INFO  restartedMain] [com.green.jpaexam.JpaExamApplication] No active profile set, falling back to 1 default profile: "default"
[2023-09-06 10:15:17.176 INFO  restartedMain] [org.springframework.boot.devtools.env.DevToolsPropertyDefaultsPostProcessor] Devtools property defaults active! Set 'spring.devtools.add-properties' to 'false' to disable
[2023-09-06 10:15:17.176 INFO  restartedMain] [org.springframework.boot.devtools.env.DevToolsPropertyDefaultsPostProcessor] For additional web related logging consider setting the 'logging.level.web' property to 'DEBUG'
[2023-09-06 10:15:17.633 INFO  restartedMain] [org.springframework.data.repository.config.RepositoryConfigurationDelegate] Bootstrapping Spring Data JPA repositories in DEFAULT mode.
[2023-09-06 10:15:17.678 INFO  restartedMain] [org.springframework.data.repository.config.RepositoryConfigurationDelegate] Finished Spring Data repository scanning in 41 ms. Found 4 JPA repository interfaces.
[2023-09-06 10:15:18.067 INFO  restartedMain] [org.springframework.boot.web.embedded.tomcat.TomcatWebServer] Tomcat initialized with port(s): 8080 (http)
[2023-09-06 10:15:18.072 INFO  restartedMain] [org.apache.coyote.http11.Http11NioProtocol] Initializing ProtocolHandler ["http-nio-8080"]
[2023-09-06 10:15:18.073 INFO  restartedMain] [org.apache.catalina.core.StandardService] Starting service [Tomcat]
[2023-09-06 10:15:18.074 INFO  restartedMain] [org.apache.catalina.core.StandardEngine] Starting Servlet engine: [Apache Tomcat/10.1.11]
[2023-09-06 10:15:18.120 INFO  restartedMain] [org.apache.catalina.core.ContainerBase.[Tomcat].[localhost].[/]] Initializing Spring embedded WebApplicationContext
[2023-09-06 10:15:18.120 INFO  restartedMain] [org.springframework.boot.web.servlet.context.ServletWebServerApplicationContext] Root WebApplicationContext: initialization completed in 944 ms
[2023-09-06 10:15:18.216 INFO  restartedMain] [org.hibernate.jpa.internal.util.LogHelper] HHH000204: Processing PersistenceUnitInfo [name: default]
[2023-09-06 10:15:18.250 INFO  restartedMain] [org.hibernate.Version] HHH000412: Hibernate ORM core version 6.2.6.Final
[2023-09-06 10:15:18.252 INFO  restartedMain] [org.hibernate.cfg.Environment] HHH000406: Using bytecode reflection optimizer
[2023-09-06 10:15:18.345 INFO  restartedMain] [org.hibernate.bytecode.internal.BytecodeProviderInitiator] HHH000021: Bytecode provider name : bytebuddy
[2023-09-06 10:15:18.433 INFO  restartedMain] [org.springframework.orm.jpa.persistenceunit.SpringPersistenceUnitInfo] No LoadTimeWeaver setup: ignoring JPA class transformer
[2023-09-06 10:15:18.446 INFO  restartedMain] [com.zaxxer.hikari.HikariDataSource] HikariPool-1 - Starting...
[2023-09-06 10:15:18.499 INFO  restartedMain] [com.zaxxer.hikari.pool.HikariPool] HikariPool-1 - Added connection org.mariadb.jdbc.Connection@3b01f67e
[2023-09-06 10:15:18.501 INFO  restartedMain] [com.zaxxer.hikari.HikariDataSource] HikariPool-1 - Start completed.
[2023-09-06 10:15:18.790 INFO  restartedMain] [org.hibernate.bytecode.internal.BytecodeProviderInitiator] HHH000021: Bytecode provider name : bytebuddy
[2023-09-06 10:15:19.347 INFO  restartedMain] [org.hibernate.engine.transaction.jta.platform.internal.JtaPlatformInitiator] HHH000490: Using JtaPlatform implementation: [org.hibernate.engine.transaction.jta.platform.internal.NoJtaPlatform]
[2023-09-06 10:15:19.450 INFO  restartedMain] [org.springframework.orm.jpa.LocalContainerEntityManagerFactoryBean] Initialized JPA EntityManagerFactory for persistence unit 'default'
[2023-09-06 10:15:19.650 INFO  restartedMain] [org.springframework.data.jpa.repository.query.QueryEnhancerFactory] Hibernate is in classpath; If applicable, HQL parser will be used.
[2023-09-06 10:15:20.055 WARN  restartedMain] [org.springframework.boot.autoconfigure.orm.jpa.JpaBaseConfiguration$JpaWebConfiguration] spring.jpa.open-in-view is enabled by default. Therefore, database queries may be performed during view rendering. Explicitly configure spring.jpa.open-in-view to disable this warning
[2023-09-06 10:15:20.263 INFO  restartedMain] [org.springframework.boot.devtools.autoconfigure.OptionalLiveReloadServer] LiveReload server is running on port 35729
[2023-09-06 10:15:20.274 INFO  restartedMain] [org.apache.coyote.http11.Http11NioProtocol] Starting ProtocolHandler ["http-nio-8080"]
[2023-09-06 10:15:20.286 INFO  restartedMain] [org.springframework.boot.web.embedded.tomcat.TomcatWebServer] Tomcat started on port(s): 8080 (http) with context path ''
[2023-09-06 10:15:20.293 INFO  restartedMain] [com.green.jpaexam.JpaExamApplication] Started JpaExamApplication in 3.488 seconds (process running for 3.911)
[2023-09-06 10:15:20.363 INFO  http-nio-8080-exec-1] [org.apache.catalina.core.ContainerBase.[Tomcat].[localhost].[/]] Initializing Spring DispatcherServlet 'dispatcherServlet'
[2023-09-06 10:15:20.363 INFO  http-nio-8080-exec-1] [org.springframework.web.servlet.DispatcherServlet] Initializing Servlet 'dispatcherServlet'
[2023-09-06 10:15:20.364 INFO  http-nio-8080-exec-1] [org.springframework.web.servlet.DispatcherServlet] Completed initialization in 1 ms
[2023-09-06 10:17:09.583 INFO  SpringApplicationShutdownHook] [org.springframework.orm.jpa.LocalContainerEntityManagerFactoryBean] Closing JPA EntityManagerFactory for persistence unit 'default'
[2023-09-06 10:17:09.585 INFO  SpringApplicationShutdownHook] [com.zaxxer.hikari.HikariDataSource] HikariPool-1 - Shutdown initiated...
[2023-09-06 10:17:09.587 INFO  SpringApplicationShutdownHook] [com.zaxxer.hikari.HikariDataSource] HikariPool-1 - Shutdown completed.
[2023-09-06 10:17:12.809 INFO  restartedMain] [com.green.jpaexam.JpaExamApplication] Starting JpaExamApplication using Java 17.0.7 with PID 8448 (D:\Students\jpaExam\target\classes started by Administrator in D:\Students\jpaExam)
[2023-09-06 10:17:12.810 INFO  restartedMain] [com.green.jpaexam.JpaExamApplication] No active profile set, falling back to 1 default profile: "default"
[2023-09-06 10:17:12.838 INFO  restartedMain] [org.springframework.boot.devtools.env.DevToolsPropertyDefaultsPostProcessor] Devtools property defaults active! Set 'spring.devtools.add-properties' to 'false' to disable
[2023-09-06 10:17:12.838 INFO  restartedMain] [org.springframework.boot.devtools.env.DevToolsPropertyDefaultsPostProcessor] For additional web related logging consider setting the 'logging.level.web' property to 'DEBUG'
[2023-09-06 10:17:13.311 INFO  restartedMain] [org.springframework.data.repository.config.RepositoryConfigurationDelegate] Bootstrapping Spring Data JPA repositories in DEFAULT mode.
[2023-09-06 10:17:13.353 INFO  restartedMain] [org.springframework.data.repository.config.RepositoryConfigurationDelegate] Finished Spring Data repository scanning in 37 ms. Found 4 JPA repository interfaces.
[2023-09-06 10:17:13.742 INFO  restartedMain] [org.springframework.boot.web.embedded.tomcat.TomcatWebServer] Tomcat initialized with port(s): 8080 (http)
[2023-09-06 10:17:13.747 INFO  restartedMain] [org.apache.coyote.http11.Http11NioProtocol] Initializing ProtocolHandler ["http-nio-8080"]
[2023-09-06 10:17:13.749 INFO  restartedMain] [org.apache.catalina.core.StandardService] Starting service [Tomcat]
[2023-09-06 10:17:13.749 INFO  restartedMain] [org.apache.catalina.core.StandardEngine] Starting Servlet engine: [Apache Tomcat/10.1.11]
[2023-09-06 10:17:13.790 INFO  restartedMain] [org.apache.catalina.core.ContainerBase.[Tomcat].[localhost].[/]] Initializing Spring embedded WebApplicationContext
[2023-09-06 10:17:13.790 INFO  restartedMain] [org.springframework.boot.web.servlet.context.ServletWebServerApplicationContext] Root WebApplicationContext: initialization completed in 952 ms
[2023-09-06 10:17:13.886 INFO  restartedMain] [org.hibernate.jpa.internal.util.LogHelper] HHH000204: Processing PersistenceUnitInfo [name: default]
[2023-09-06 10:17:13.921 INFO  restartedMain] [org.hibernate.Version] HHH000412: Hibernate ORM core version 6.2.6.Final
[2023-09-06 10:17:13.923 INFO  restartedMain] [org.hibernate.cfg.Environment] HHH000406: Using bytecode reflection optimizer
[2023-09-06 10:17:14.017 INFO  restartedMain] [org.hibernate.bytecode.internal.BytecodeProviderInitiator] HHH000021: Bytecode provider name : bytebuddy
[2023-09-06 10:17:14.105 INFO  restartedMain] [org.springframework.orm.jpa.persistenceunit.SpringPersistenceUnitInfo] No LoadTimeWeaver setup: ignoring JPA class transformer
[2023-09-06 10:17:14.116 INFO  restartedMain] [com.zaxxer.hikari.HikariDataSource] HikariPool-1 - Starting...
[2023-09-06 10:17:14.171 INFO  restartedMain] [com.zaxxer.hikari.pool.HikariPool] HikariPool-1 - Added connection org.mariadb.jdbc.Connection@312a1b93
[2023-09-06 10:17:14.173 INFO  restartedMain] [com.zaxxer.hikari.HikariDataSource] HikariPool-1 - Start completed.
[2023-09-06 10:17:14.489 INFO  restartedMain] [org.hibernate.bytecode.internal.BytecodeProviderInitiator] HHH000021: Bytecode provider name : bytebuddy
[2023-09-06 10:17:15.002 INFO  restartedMain] [org.hibernate.engine.transaction.jta.platform.internal.JtaPlatformInitiator] HHH000490: Using JtaPlatform implementation: [org.hibernate.engine.transaction.jta.platform.internal.NoJtaPlatform]
[2023-09-06 10:17:15.113 INFO  restartedMain] [org.springframework.orm.jpa.LocalContainerEntityManagerFactoryBean] Initialized JPA EntityManagerFactory for persistence unit 'default'
[2023-09-06 10:17:15.308 INFO  restartedMain] [org.springframework.data.jpa.repository.query.QueryEnhancerFactory] Hibernate is in classpath; If applicable, HQL parser will be used.
[2023-09-06 10:17:15.721 WARN  restartedMain] [org.springframework.boot.autoconfigure.orm.jpa.JpaBaseConfiguration$JpaWebConfiguration] spring.jpa.open-in-view is enabled by default. Therefore, database queries may be performed during view rendering. Explicitly configure spring.jpa.open-in-view to disable this warning
[2023-09-06 10:17:15.942 INFO  restartedMain] [org.springframework.boot.devtools.autoconfigure.OptionalLiveReloadServer] LiveReload server is running on port 35729
[2023-09-06 10:17:15.954 INFO  restartedMain] [org.apache.coyote.http11.Http11NioProtocol] Starting ProtocolHandler ["http-nio-8080"]
[2023-09-06 10:17:15.966 INFO  restartedMain] [org.springframework.boot.web.embedded.tomcat.TomcatWebServer] Tomcat started on port(s): 8080 (http) with context path ''
[2023-09-06 10:17:15.973 INFO  restartedMain] [com.green.jpaexam.JpaExamApplication] Started JpaExamApplication in 3.513 seconds (process running for 3.932)
[2023-09-06 10:17:16.110 INFO  http-nio-8080-exec-1] [org.apache.catalina.core.ContainerBase.[Tomcat].[localhost].[/]] Initializing Spring DispatcherServlet 'dispatcherServlet'
[2023-09-06 10:17:16.110 INFO  http-nio-8080-exec-1] [org.springframework.web.servlet.DispatcherServlet] Initializing Servlet 'dispatcherServlet'
[2023-09-06 10:17:16.111 INFO  http-nio-8080-exec-1] [org.springframework.web.servlet.DispatcherServlet] Completed initialization in 1 ms
[2023-09-06 10:18:13.605 INFO  SpringApplicationShutdownHook] [org.springframework.orm.jpa.LocalContainerEntityManagerFactoryBean] Closing JPA EntityManagerFactory for persistence unit 'default'
[2023-09-06 10:18:13.607 INFO  SpringApplicationShutdownHook] [com.zaxxer.hikari.HikariDataSource] HikariPool-1 - Shutdown initiated...
[2023-09-06 10:18:13.610 INFO  SpringApplicationShutdownHook] [com.zaxxer.hikari.HikariDataSource] HikariPool-1 - Shutdown completed.
[2023-09-06 10:18:16.724 INFO  restartedMain] [com.green.jpaexam.JpaExamApplication] Starting JpaExamApplication using Java 17.0.7 with PID 6620 (D:\Students\jpaExam\target\classes started by Administrator in D:\Students\jpaExam)
[2023-09-06 10:18:16.725 INFO  restartedMain] [com.green.jpaexam.JpaExamApplication] No active profile set, falling back to 1 default profile: "default"
[2023-09-06 10:18:16.753 INFO  restartedMain] [org.springframework.boot.devtools.env.DevToolsPropertyDefaultsPostProcessor] Devtools property defaults active! Set 'spring.devtools.add-properties' to 'false' to disable
[2023-09-06 10:18:16.753 INFO  restartedMain] [org.springframework.boot.devtools.env.DevToolsPropertyDefaultsPostProcessor] For additional web related logging consider setting the 'logging.level.web' property to 'DEBUG'
[2023-09-06 10:18:17.225 INFO  restartedMain] [org.springframework.data.repository.config.RepositoryConfigurationDelegate] Bootstrapping Spring Data JPA repositories in DEFAULT mode.
[2023-09-06 10:18:17.272 INFO  restartedMain] [org.springframework.data.repository.config.RepositoryConfigurationDelegate] Finished Spring Data repository scanning in 43 ms. Found 4 JPA repository interfaces.
[2023-09-06 10:18:17.653 INFO  restartedMain] [org.springframework.boot.web.embedded.tomcat.TomcatWebServer] Tomcat initialized with port(s): 8080 (http)
[2023-09-06 10:18:17.658 INFO  restartedMain] [org.apache.coyote.http11.Http11NioProtocol] Initializing ProtocolHandler ["http-nio-8080"]
[2023-09-06 10:18:17.659 INFO  restartedMain] [org.apache.catalina.core.StandardService] Starting service [Tomcat]
[2023-09-06 10:18:17.660 INFO  restartedMain] [org.apache.catalina.core.StandardEngine] Starting Servlet engine: [Apache Tomcat/10.1.11]
[2023-09-06 10:18:17.699 INFO  restartedMain] [org.apache.catalina.core.ContainerBase.[Tomcat].[localhost].[/]] Initializing Spring embedded WebApplicationContext
[2023-09-06 10:18:17.700 INFO  restartedMain] [org.springframework.boot.web.servlet.context.ServletWebServerApplicationContext] Root WebApplicationContext: initialization completed in 946 ms
[2023-09-06 10:18:17.792 INFO  restartedMain] [org.hibernate.jpa.internal.util.LogHelper] HHH000204: Processing PersistenceUnitInfo [name: default]
[2023-09-06 10:18:17.826 INFO  restartedMain] [org.hibernate.Version] HHH000412: Hibernate ORM core version 6.2.6.Final
[2023-09-06 10:18:17.827 INFO  restartedMain] [org.hibernate.cfg.Environment] HHH000406: Using bytecode reflection optimizer
[2023-09-06 10:18:17.923 INFO  restartedMain] [org.hibernate.bytecode.internal.BytecodeProviderInitiator] HHH000021: Bytecode provider name : bytebuddy
[2023-09-06 10:18:18.010 INFO  restartedMain] [org.springframework.orm.jpa.persistenceunit.SpringPersistenceUnitInfo] No LoadTimeWeaver setup: ignoring JPA class transformer
[2023-09-06 10:18:18.021 INFO  restartedMain] [com.zaxxer.hikari.HikariDataSource] HikariPool-1 - Starting...
[2023-09-06 10:18:18.075 INFO  restartedMain] [com.zaxxer.hikari.pool.HikariPool] HikariPool-1 - Added connection org.mariadb.jdbc.Connection@5fb932de
[2023-09-06 10:18:18.077 INFO  restartedMain] [com.zaxxer.hikari.HikariDataSource] HikariPool-1 - Start completed.
[2023-09-06 10:18:18.265 INFO  restartedMain] [org.hibernate.bytecode.internal.BytecodeProviderInitiator] HHH000021: Bytecode provider name : bytebuddy
[2023-09-06 10:18:18.734 INFO  restartedMain] [org.hibernate.engine.transaction.jta.platform.internal.JtaPlatformInitiator] HHH000490: Using JtaPlatform implementation: [org.hibernate.engine.transaction.jta.platform.internal.NoJtaPlatform]
[2023-09-06 10:18:18.856 INFO  restartedMain] [org.springframework.orm.jpa.LocalContainerEntityManagerFactoryBean] Initialized JPA EntityManagerFactory for persistence unit 'default'
[2023-09-06 10:18:19.045 INFO  restartedMain] [org.springframework.data.jpa.repository.query.QueryEnhancerFactory] Hibernate is in classpath; If applicable, HQL parser will be used.
[2023-09-06 10:18:19.444 WARN  restartedMain] [org.springframework.boot.autoconfigure.orm.jpa.JpaBaseConfiguration$JpaWebConfiguration] spring.jpa.open-in-view is enabled by default. Therefore, database queries may be performed during view rendering. Explicitly configure spring.jpa.open-in-view to disable this warning
[2023-09-06 10:18:19.655 INFO  restartedMain] [org.springframework.boot.devtools.autoconfigure.OptionalLiveReloadServer] LiveReload server is running on port 35729
[2023-09-06 10:18:19.667 INFO  restartedMain] [org.apache.coyote.http11.Http11NioProtocol] Starting ProtocolHandler ["http-nio-8080"]
[2023-09-06 10:18:19.678 INFO  restartedMain] [org.springframework.boot.web.embedded.tomcat.TomcatWebServer] Tomcat started on port(s): 8080 (http) with context path ''
[2023-09-06 10:18:19.685 INFO  restartedMain] [com.green.jpaexam.JpaExamApplication] Started JpaExamApplication in 3.295 seconds (process running for 3.708)
[2023-09-06 10:18:23.858 INFO  http-nio-8080-exec-1] [org.apache.catalina.core.ContainerBase.[Tomcat].[localhost].[/]] Initializing Spring DispatcherServlet 'dispatcherServlet'
[2023-09-06 10:18:23.859 INFO  http-nio-8080-exec-1] [org.springframework.web.servlet.DispatcherServlet] Initializing Servlet 'dispatcherServlet'
[2023-09-06 10:18:23.859 INFO  http-nio-8080-exec-1] [org.springframework.web.servlet.DispatcherServlet] Completed initialization in 0 ms
[2023-09-06 10:20:30.327 INFO  SpringApplicationShutdownHook] [org.springframework.orm.jpa.LocalContainerEntityManagerFactoryBean] Closing JPA EntityManagerFactory for persistence unit 'default'
[2023-09-06 10:20:30.329 INFO  SpringApplicationShutdownHook] [com.zaxxer.hikari.HikariDataSource] HikariPool-1 - Shutdown initiated...
[2023-09-06 10:20:30.331 INFO  SpringApplicationShutdownHook] [com.zaxxer.hikari.HikariDataSource] HikariPool-1 - Shutdown completed.
[2023-09-06 10:32:00.485 INFO  restartedMain] [com.green.jpaexam.JpaExamApplication] Starting JpaExamApplication using Java 17.0.7 with PID 11456 (D:\Students\jpaExam\target\classes started by Administrator in D:\Students\jpaExam)
[2023-09-06 10:32:00.487 INFO  restartedMain] [com.green.jpaexam.JpaExamApplication] No active profile set, falling back to 1 default profile: "default"
[2023-09-06 10:32:00.514 INFO  restartedMain] [org.springframework.boot.devtools.env.DevToolsPropertyDefaultsPostProcessor] Devtools property defaults active! Set 'spring.devtools.add-properties' to 'false' to disable
[2023-09-06 10:32:00.514 INFO  restartedMain] [org.springframework.boot.devtools.env.DevToolsPropertyDefaultsPostProcessor] For additional web related logging consider setting the 'logging.level.web' property to 'DEBUG'
[2023-09-06 10:32:00.972 INFO  restartedMain] [org.springframework.data.repository.config.RepositoryConfigurationDelegate] Bootstrapping Spring Data JPA repositories in DEFAULT mode.
[2023-09-06 10:32:01.016 INFO  restartedMain] [org.springframework.data.repository.config.RepositoryConfigurationDelegate] Finished Spring Data repository scanning in 39 ms. Found 4 JPA repository interfaces.
[2023-09-06 10:32:01.402 INFO  restartedMain] [org.springframework.boot.web.embedded.tomcat.TomcatWebServer] Tomcat initialized with port(s): 8080 (http)
[2023-09-06 10:32:01.407 INFO  restartedMain] [org.apache.coyote.http11.Http11NioProtocol] Initializing ProtocolHandler ["http-nio-8080"]
[2023-09-06 10:32:01.408 INFO  restartedMain] [org.apache.catalina.core.StandardService] Starting service [Tomcat]
[2023-09-06 10:32:01.409 INFO  restartedMain] [org.apache.catalina.core.StandardEngine] Starting Servlet engine: [Apache Tomcat/10.1.11]
[2023-09-06 10:32:01.451 INFO  restartedMain] [org.apache.catalina.core.ContainerBase.[Tomcat].[localhost].[/]] Initializing Spring embedded WebApplicationContext
[2023-09-06 10:32:01.452 INFO  restartedMain] [org.springframework.boot.web.servlet.context.ServletWebServerApplicationContext] Root WebApplicationContext: initialization completed in 937 ms
[2023-09-06 10:32:01.546 INFO  restartedMain] [org.hibernate.jpa.internal.util.LogHelper] HHH000204: Processing PersistenceUnitInfo [name: default]
[2023-09-06 10:32:01.581 INFO  restartedMain] [org.hibernate.Version] HHH000412: Hibernate ORM core version 6.2.6.Final
[2023-09-06 10:32:01.583 INFO  restartedMain] [org.hibernate.cfg.Environment] HHH000406: Using bytecode reflection optimizer
[2023-09-06 10:32:01.678 INFO  restartedMain] [org.hibernate.bytecode.internal.BytecodeProviderInitiator] HHH000021: Bytecode provider name : bytebuddy
[2023-09-06 10:32:01.765 INFO  restartedMain] [org.springframework.orm.jpa.persistenceunit.SpringPersistenceUnitInfo] No LoadTimeWeaver setup: ignoring JPA class transformer
[2023-09-06 10:32:01.776 INFO  restartedMain] [com.zaxxer.hikari.HikariDataSource] HikariPool-1 - Starting...
[2023-09-06 10:32:01.828 INFO  restartedMain] [com.zaxxer.hikari.pool.HikariPool] HikariPool-1 - Added connection org.mariadb.jdbc.Connection@4f60b4fe
[2023-09-06 10:32:01.830 INFO  restartedMain] [com.zaxxer.hikari.HikariDataSource] HikariPool-1 - Start completed.
[2023-09-06 10:32:02.016 INFO  restartedMain] [org.hibernate.bytecode.internal.BytecodeProviderInitiator] HHH000021: Bytecode provider name : bytebuddy
[2023-09-06 10:32:02.486 INFO  restartedMain] [org.hibernate.engine.transaction.jta.platform.internal.JtaPlatformInitiator] HHH000490: Using JtaPlatform implementation: [org.hibernate.engine.transaction.jta.platform.internal.NoJtaPlatform]
[2023-09-06 10:32:02.593 INFO  restartedMain] [org.springframework.orm.jpa.LocalContainerEntityManagerFactoryBean] Initialized JPA EntityManagerFactory for persistence unit 'default'
[2023-09-06 10:32:02.784 INFO  restartedMain] [org.springframework.data.jpa.repository.query.QueryEnhancerFactory] Hibernate is in classpath; If applicable, HQL parser will be used.
[2023-09-06 10:32:03.184 WARN  restartedMain] [org.springframework.boot.autoconfigure.orm.jpa.JpaBaseConfiguration$JpaWebConfiguration] spring.jpa.open-in-view is enabled by default. Therefore, database queries may be performed during view rendering. Explicitly configure spring.jpa.open-in-view to disable this warning
[2023-09-06 10:32:03.392 INFO  restartedMain] [org.springframework.boot.devtools.autoconfigure.OptionalLiveReloadServer] LiveReload server is running on port 35729
[2023-09-06 10:32:03.404 INFO  restartedMain] [org.apache.coyote.http11.Http11NioProtocol] Starting ProtocolHandler ["http-nio-8080"]
[2023-09-06 10:32:03.416 INFO  restartedMain] [org.springframework.boot.web.embedded.tomcat.TomcatWebServer] Tomcat started on port(s): 8080 (http) with context path ''
[2023-09-06 10:32:03.423 INFO  restartedMain] [com.green.jpaexam.JpaExamApplication] Started JpaExamApplication in 3.271 seconds (process running for 3.684)
[2023-09-06 10:38:07.400 INFO  http-nio-8080-exec-1] [org.apache.catalina.core.ContainerBase.[Tomcat].[localhost].[/]] Initializing Spring DispatcherServlet 'dispatcherServlet'
[2023-09-06 10:38:07.400 INFO  http-nio-8080-exec-1] [org.springframework.web.servlet.DispatcherServlet] Initializing Servlet 'dispatcherServlet'
[2023-09-06 10:38:07.401 INFO  http-nio-8080-exec-1] [org.springframework.web.servlet.DispatcherServlet] Completed initialization in 1 ms
[2023-09-06 10:38:07.892 INFO  http-nio-8080-exec-8] [org.springdoc.api.AbstractOpenApiResource] Init duration for springdoc-openapi is: 212 ms
[2023-09-06 10:38:19.713 INFO  SpringApplicationShutdownHook] [org.springframework.orm.jpa.LocalContainerEntityManagerFactoryBean] Closing JPA EntityManagerFactory for persistence unit 'default'
[2023-09-06 10:38:19.715 INFO  SpringApplicationShutdownHook] [com.zaxxer.hikari.HikariDataSource] HikariPool-1 - Shutdown initiated...
[2023-09-06 10:38:19.717 INFO  SpringApplicationShutdownHook] [com.zaxxer.hikari.HikariDataSource] HikariPool-1 - Shutdown completed.
